<?xml version="1.0" encoding="UTF-8"?>
<!-- Generated by org.testng.reporters.JUnitReportReporter -->
<testsuite hostname="DEVESHPC" failures="0" tests="8" name="SeleniumProject.SeleniumAutoDemo.LoginTC" time="41.927" errors="0" timestamp="2024-01-06T13:20:22 IST" skipped="0">
  <testcase classname="SeleniumProject.SeleniumAutoDemo.LoginTC" name="test004_enter_the_username_and_password_and_click_on_the_login_button" time="6.333"/>
  <testcase classname="SeleniumProject.SeleniumAutoDemo.LoginTC" name="test004_enter_the_username_and_password_and_click_on_the_login_button" time="6.358"/>
  <testcase classname="SeleniumProject.SeleniumAutoDemo.LoginTC" name="test004_enter_the_username_and_password_and_click_on_the_login_button" time="6.342"/>
  <testcase classname="SeleniumProject.SeleniumAutoDemo.LoginTC" name="test004_enter_the_username_and_password_and_click_on_the_login_button" time="6.375"/>
  <testcase classname="SeleniumProject.SeleniumAutoDemo.LoginTC" name="test001_check_that_The_login_succesfully" time="3.048"/>
  <testcase classname="SeleniumProject.SeleniumAutoDemo.LoginTC" name="test003_check_the_logout_is_successfully_happened" time="0.026"/>
  <testcase classname="SeleniumProject.SeleniumAutoDemo.LoginTC" name="test002_click_on_the_sandwitch_menu_and_logout_button" time="2.104"/>
  <testcase classname="SeleniumProject.SeleniumAutoDemo.LoginTC" name="test004_enter_the_username_and_password_and_click_on_the_login_button" time="11.341"/>
</testsuite> <!-- SeleniumProject.SeleniumAutoDemo.LoginTC -->
