<?xml version="1.0" encoding="UTF-8"?>
<!-- Generated by org.testng.reporters.JUnitReportReporter -->
<testsuite hostname="DEVESHPC" failures="0" tests="8" name="testCases.SelectProductTC" time="25.008" errors="0" timestamp="2024-01-06T12:53:06 IST" skipped="0">
  <testcase classname="testCases.SelectProductTC" name="test005_click_on_the_checkout_button" time="3.186"/>
  <testcase classname="testCases.SelectProductTC" name="test003_click_on_the_add_to_cart_button" time="2.144"/>
  <testcase classname="testCases.SelectProductTC" name="test002_click_on_the_any_product" time="2.187"/>
  <testcase classname="testCases.SelectProductTC" name="test007_click_on_the_finish_button" time="2.133"/>
  <testcase classname="testCases.SelectProductTC" name="test008_click_on_the_back_home_button" time="2.171"/>
  <testcase classname="testCases.SelectProductTC" name="test001_select_all_the_filter" time="6.348"/>
  <testcase classname="testCases.SelectProductTC" name="test004_click_on_the_cart_button" time="2.194"/>
  <testcase classname="testCases.SelectProductTC" name="test006_enter_the_firstname_lastname_and_zipcode_and_click_on_the_continue_button" time="4.645"/>
</testsuite> <!-- testCases.SelectProductTC -->
