<?xml version="1.0" encoding="UTF-8"?>
<!-- Generated by org.testng.reporters.JUnitReportReporter -->
<testsuite hostname="DEVESHPC" failures="0" tests="8" name="testCases.LoginTC" time="44.199" errors="0" timestamp="2024-01-06T13:02:04 IST" skipped="0">
  <testcase classname="testCases.LoginTC" name="test004_enter_the_username_and_password_and_click_on_the_login_button" time="6.730"/>
  <testcase classname="testCases.LoginTC" name="test004_enter_the_username_and_password_and_click_on_the_login_button" time="6.795"/>
  <testcase classname="testCases.LoginTC" name="test004_enter_the_username_and_password_and_click_on_the_login_button" time="6.799"/>
  <testcase classname="testCases.LoginTC" name="test001_check_that_The_login_succesfully" time="3.085"/>
  <testcase classname="testCases.LoginTC" name="test002_click_on_the_sandwitch_menu_and_logout_button" time="2.220"/>
  <testcase classname="testCases.LoginTC" name="test004_enter_the_username_and_password_and_click_on_the_login_button" time="6.816"/>
  <testcase classname="testCases.LoginTC" name="test003_check_the_logout_is_successfully_happened" time="0.054"/>
  <testcase classname="testCases.LoginTC" name="test004_enter_the_username_and_password_and_click_on_the_login_button" time="11.700"/>
</testsuite> <!-- testCases.LoginTC -->
