<?xml version="1.0" encoding="UTF-8"?>
<!-- Generated by org.testng.reporters.JUnitReportReporter -->
<testsuite hostname="DEVESHPC" failures="0" tests="8" name="SeleniumProject.SeleniumAutoDemo.SelectProductTC" time="23.846" errors="0" timestamp="2024-01-06T13:20:22 IST" skipped="0">
  <testcase classname="SeleniumProject.SeleniumAutoDemo.SelectProductTC" name="test002_click_on_the_any_product" time="2.079"/>
  <testcase classname="SeleniumProject.SeleniumAutoDemo.SelectProductTC" name="test007_click_on_the_finish_button" time="2.072"/>
  <testcase classname="SeleniumProject.SeleniumAutoDemo.SelectProductTC" name="test004_click_on_the_cart_button" time="2.071"/>
  <testcase classname="SeleniumProject.SeleniumAutoDemo.SelectProductTC" name="test001_select_all_the_filter" time="6.132"/>
  <testcase classname="SeleniumProject.SeleniumAutoDemo.SelectProductTC" name="test008_click_on_the_back_home_button" time="2.068"/>
  <testcase classname="SeleniumProject.SeleniumAutoDemo.SelectProductTC" name="test003_click_on_the_add_to_cart_button" time="2.060"/>
  <testcase classname="SeleniumProject.SeleniumAutoDemo.SelectProductTC" name="test006_enter_the_firstname_lastname_and_zipcode_and_click_on_the_continue_button" time="4.300"/>
  <testcase classname="SeleniumProject.SeleniumAutoDemo.SelectProductTC" name="test005_click_on_the_checkout_button" time="3.064"/>
</testsuite> <!-- SeleniumProject.SeleniumAutoDemo.SelectProductTC -->
